[debug] > Exec(run, None, None)
[debug] Evaluating tasks: Compile / run
[debug] Running task... Cancel: Signal, check cycles: false, forcegc: true
[info] compiling 1 Scala source to C:\Users\HP\IdeaProjects\MiniProjet_SPARK\target\scala-2.13\classes ...
[info] done compiling
[error] java.lang.ClassCastException: java.lang.Integer cannot be cast to java.lang.String
[error] 	at org.apache.spark.sql.Row.getString(Row.scala:278)
[error] 	at org.apache.spark.sql.Row.getString$(Row.scala:278)
[error] 	at org.apache.spark.sql.catalyst.expressions.GenericRow.getString(rows.scala:166)
[error] 	at SalesTotalByProductCategory$.$anonfun$main$1(SalesTotalByProductCategory.scala:40)
[error] 	at scala.collection.ArrayOps$.map$extension(ArrayOps.scala:935)
[error] 	at SalesTotalByProductCategory$.main(SalesTotalByProductCategory.scala:40)
[error] 	at SalesTotalByProductCategory.main(SalesTotalByProductCategory.scala)
[error] 	at sun.reflect.NativeMethodAccessorImpl.invoke0(Native Method)
[error] 	at sun.reflect.NativeMethodAccessorImpl.invoke(NativeMethodAccessorImpl.java:62)
[error] 	at sun.reflect.DelegatingMethodAccessorImpl.invoke(DelegatingMethodAccessorImpl.java:43)
[error] 	at java.lang.reflect.Method.invoke(Method.java:498)
[error] 	at sbt.Run.invokeMain(Run.scala:144)
[error] 	at sbt.Run.execute$1(Run.scala:94)
[error] 	at sbt.Run.$anonfun$runWithLoader$5(Run.scala:121)
[error] 	at sbt.Run$.executeSuccess(Run.scala:187)
[error] 	at sbt.Run.runWithLoader(Run.scala:121)
[error] 	at sbt.Defaults$.$anonfun$bgRunTask$6(Defaults.scala:1988)
[error] 	at sbt.Defaults$.$anonfun$termWrapper$2(Defaults.scala:1927)
[error] 	at scala.runtime.java8.JFunction0$mcV$sp.apply(JFunction0$mcV$sp.java:23)
[error] 	at scala.util.Try$.apply(Try.scala:213)
[error] 	at sbt.internal.BackgroundThreadPool$BackgroundRunnable.run(DefaultBackgroundJobService.scala:367)
[error] 	at java.util.concurrent.ThreadPoolExecutor.runWorker(ThreadPoolExecutor.java:1149)
[error] 	at java.util.concurrent.ThreadPoolExecutor$Worker.run(ThreadPoolExecutor.java:624)
[error] 	at java.lang.Thread.run(Thread.java:750)
[error] (Compile / run) java.lang.ClassCastException: java.lang.Integer cannot be cast to java.lang.String
[error] Total time: 24 s, completed 2 mars 2024 14:08:05
[debug] > Exec(idea-shell, None, None)
